<?xml version="1.0" encoding="UTF-8"?>
<!-- Generated by org.testng.reporters.JUnitReportReporter -->
<testsuite hostname="Yuvi" failures="0" tests="1" name="VerifyPageTitle" time="13.504" errors="0" timestamp="2024-10-24T15:25:03 IST" skipped="0">
  <testcase classname="VerifyPageTitle" name="verifyTitle" time="13.504"/>
  <system-out/>
</testsuite> <!-- VerifyPageTitle -->
