<?xml version="1.0" encoding="UTF-8"?>
<!-- Generated by org.testng.reporters.JUnitReportReporter -->
<testsuite hostname="Yuvi" failures="0" tests="1" name="VerifyTest" time="46.106" errors="0" timestamp="2024-10-24T19:06:57 IST" skipped="0">
  <testcase classname="VerifyTest" name="f" time="46.106"/>
  <system-out/>
</testsuite> <!-- VerifyTest -->
