<?xml version="1.0" encoding="UTF-8"?>
<!-- Generated by org.testng.reporters.JUnitReportReporter -->
<testsuite hostname="Yuvi" failures="0" tests="1" name="tc1" time="10.551" errors="0" timestamp="2024-11-07T23:58:34 IST" skipped="0">
  <testcase classname="tc1" name="verifyTitle" time="10.551"/>
  <system-out/>
</testsuite> <!-- tc1 -->
