<?xml version="1.0" encoding="UTF-8"?>
<!-- Generated by org.testng.reporters.JUnitReportReporter -->
<testsuite hostname="Yuvi" failures="0" tests="1" name="VerifyTest" time="8.977" errors="0" timestamp="2024-10-24T15:27:14 IST" skipped="0">
  <testcase classname="VerifyTest" name="f" time="8.977"/>
</testsuite> <!-- VerifyTest -->
